<?xml version="1.0" encoding="UTF-8"?>
<!-- Generated by org.testng.reporters.JUnitXMLReporter -->
<testsuite ignored="5" hostname="DESKTOP-3B2G8AU" failures="0" tests="1" name="Test" time="17.647" errors="0" timestamp="06 Dec 2023 22:52:38 GMT">
  <testcase classname="tests.Test_002" name="loginMailBlank" time="1.451"/>
  <testcase classname="tests.Test_002" name="loginWrongMail" time="0.0">
    <ignored/>
  </testcase> <!-- loginWrongMail -->
  <testcase classname="tests.Test_002" name="loginInvalid" time="0.0">
    <ignored/>
  </testcase> <!-- loginInvalid -->
  <testcase classname="tests.Test_002" name="logPassBlank" time="0.0">
    <ignored/>
  </testcase> <!-- logPassBlank -->
  <testcase classname="tests.Test_002" name="loginBlankData" time="0.0">
    <ignored/>
  </testcase> <!-- loginBlankData -->
  <testcase classname="tests.Test_002" name="loginWrongPass" time="0.0">
    <ignored/>
  </testcase> <!-- loginWrongPass -->
</testsuite> <!-- Test -->
