<?xml version="1.0" encoding="UTF-8"?>
<testng-results ignored="5" total="6" passed="1" failed="0" skipped="0">
  <reporter-output>
  </reporter-output>
  <suite started-at="2023-12-06T22:52:20Z" name="Suite" finished-at="2023-12-06T22:52:38Z" duration-ms="17647">
    <groups>
    </groups>
    <test started-at="2023-12-06T22:52:20Z" name="Test" finished-at="2023-12-06T22:52:38Z" duration-ms="17647">
      <class name="tests.Test_002">
        <test-method is-config="true" signature="setUp()[pri:0, instance:tests.Test_002@386f0da3]" started-at="2023-12-06T22:52:20Z" name="setUp" finished-at="2023-12-06T22:52:36Z" duration-ms="16144" status="PASS">
          <reporter-output>
          </reporter-output>
        </test-method> <!-- setUp -->
        <test-method signature="loginMailBlank()[pri:0, instance:tests.Test_002@386f0da3]" started-at="2023-12-06T22:52:36Z" name="loginMailBlank" finished-at="2023-12-06T22:52:38Z" duration-ms="1451" status="PASS">
          <reporter-output>
          </reporter-output>
        </test-method> <!-- loginMailBlank -->
      </class> <!-- tests.Test_002 -->
    </test> <!-- Test -->
  </suite> <!-- Suite -->
</testng-results>
